<?xml version="1.0" encoding="UTF-8"?>
<testng-results ignored="0" total="1" passed="1" failed="0" skipped="0">
  <reporter-output>
  </reporter-output>
  <suite started-at="2022-09-28T13:52:08 IST" name="Default suite" finished-at="2022-09-28T13:52:10 IST" duration-ms="1166">
    <groups>
    </groups>
    <test started-at="2022-09-28T13:52:08 IST" name="Default test" finished-at="2022-09-28T13:52:10 IST" duration-ms="1166">
      <class name="ExtentReports.demoo">
        <test-method signature="report()[pri:0, instance:ExtentReports.demoo@1e6454ec]" started-at="2022-09-28T13:52:08 IST" name="report" finished-at="2022-09-28T13:52:10 IST" duration-ms="1099" status="PASS">
          <reporter-output>
          </reporter-output>
        </test-method> <!-- report -->
      </class> <!-- ExtentReports.demoo -->
    </test> <!-- Default test -->
  </suite> <!-- Default suite -->
</testng-results>
